============================================================
  Generated by:           Genus(TM) Synthesis Solution 21.14-s082_1
  Generated on:           Jul 02 2026  03:28:14 pm
  Module:                 alu8
  Technology library:     typical 
  Operating conditions:   typical (balanced_tree)
  Wireload mode:          enclosed
  Area mode:              timing library
============================================================

                              
   Gate    Instances   Area     Library  
-----------------------------------------
AND2X1             1    4.541    typical 
AOI211XL           5   26.492    typical 
AOI21XL           13   59.038    typical 
AOI221XL           3   22.707    typical 
AOI22XL            2   12.110    typical 
AOI32XL            1    6.812    typical 
INVXL             24   54.497    typical 
MXI2XL             3   18.166    typical 
NAND2BX1           1    4.541    typical 
NAND2BXL           8   36.331    typical 
NAND2XL           20   60.552    typical 
NAND3BXL           1    6.055    typical 
NAND3XL            2    9.083    typical 
NAND4XL            2   10.597    typical 
NOR2BXL            6   27.248    typical 
NOR2XL            31   93.856    typical 
NOR3XL             1    4.541    typical 
OA21X1             1    6.812    typical 
OAI211XL           4   21.193    typical 
OAI21XL           19   86.287    typical 
OAI222XL           7   58.281    typical 
OAI2BB1XL          3   15.895    typical 
OAI32XL            3   20.436    typical 
OR4X1              1    6.812    typical 
XNOR2X1            1    8.326    typical 
-----------------------------------------
total            163  681.210            


                                        
     Type      Instances   Area  Area % 
----------------------------------------
inverter              24  54.497    8.0 
logic                139 626.713   92.0 
physical_cells         0   0.000    0.0 
----------------------------------------
total                163 681.210  100.0 

