============================================================
  Generated by:           Genus(TM) Synthesis Solution 21.14-s082_1
  Generated on:           Jul 02 2026  03:28:15 pm
  Module:                 alu8
  Technology library:     typical 
  Operating conditions:   typical (balanced_tree)
  Wireload mode:          enclosed
  Area mode:              timing library
============================================================

Timing
-------
  Cost    Critical        No of gates on  Violating 
 Group   Path Slack  TNS   Critical Path    Paths   
----------------------------------------------------
default    No paths   0.0                           
----------------------------------------------------
Total                 0.0                         0 

Instance Count
--------------
Leaf Instance Count             163 
Physical Instance count           0 
Sequential Instance Count         0 
Combinational Instance Count    163 
Hierarchical Instance Count       0 

Area
----
Cell Area                          681.210
Physical Cell Area                 0.000
Total Cell Area (Cell+Physical)    681.210
Net Area                           0.000
Total Area (Cell+Physical+Net)     681.210

Power
-----
Leakage Power                      2359.184 nW
Dynamic Power                      20443.973 nW
Total Power                        22803.158 nW

Max Fanout                         11 (n_183)
Min Fanout                         1 (n_7)
Average Fanout                     2.4
Terms to net ratio                 3.2143
Terms to instance ratio            3.5890
Runtime                            15.05402 seconds
Elapsed Runtime                    23 seconds
Genus peak memory usage            1451.38 
Innovus peak memory usage          no_value 
Hostname                           vlsilab01
