============================================================
  Generated by:           Genus(TM) Synthesis Solution 21.14-s082_1
  Generated on:           Jul 02 2026  03:28:14 pm
  Module:                 alu8
  Technology library:     typical 
  Operating conditions:   typical (balanced_tree)
  Wireload mode:          enclosed
  Area mode:              timing library
============================================================

     Pin            Type       Fanout Load Slew Delay Arrival   
                                      (fF) (ps)  (ps)   (ps)    
----------------------------------------------------------------
b[0]             in port            4  6.6    0    +0       0 R 
g5839__7410/A                                      +0       0   
g5839__7410/Y    NAND2XL            4  6.9   68   +51      51 F 
g5799__3680/A0                                     +0      51   
g5799__3680/Y    OAI21XL            2  3.4   71   +74     125 R 
g5794/A                                            +0     125   
g5794/Y          INVXL              2  3.4   35   +28     153 F 
g5782__5122/A1                                     +0     153   
g5782__5122/Y    OA21X1             3  5.2   32   +78     231 F 
g5775__3680/A1                                     +0     231   
g5775__3680/Y    OAI21XL            3  5.0   90   +77     308 R 
g5772/A                                            +0     308   
g5772/Y          INVXL              1  1.7   31   +18     326 F 
g5764__9945/A1                                     +0     326   
g5764__9945/Y    OAI21XL            3  5.1   92   +78     404 R 
g5761/A                                            +0     404   
g5761/Y          INVXL              1  1.7   32   +18     422 F 
g5750__3680/A1                                     +0     422   
g5750__3680/Y    OAI21XL            3  5.0   90   +77     500 R 
g5740__5477/A1                                     +0     500   
g5740__5477/Y    AOI21XL            2  3.4   59   +51     551 F 
g5737/A                                            +0     551   
g5737/Y          INVXL              2  3.3   37   +41     592 R 
g5727__7098/A1                                     +0     592   
g5727__7098/Y    OAI21XL            1  1.7   49   +30     622 F 
g5722__1617/A1                                     +0     622   
g5722__1617/Y    AOI22XL            1  1.7   52   +59     681 R 
g5718__5526/C0                                     +0     681   
g5718__5526/Y    OAI211XL           1  1.7   49   +45     726 F 
g5711__4319/A0                                     +0     726   
g5711__4319/Y    AOI211XL           3  5.6  144  +131     857 R 
g5709__5107/S0                                     +0     857   
g5709__5107/Y    MXI2XL             1  1.8   50   +67     924 R 
g5707__2398/B                                      +0     924   
g5707__2398/Y    NOR2XL             1  0.0   16    +8     931 F 
overflow         interconnect                16    +0     931 F 
                 out port                          +0     931 F 
----------------------------------------------------------------
Timing slack :  UNCONSTRAINED
Start-point  : b[0]
End-point    : overflow

